Arguments: 
  C:\Program Files\nodejs\node.exe C:\Users\Admin\AppData\Roaming\npm\node_modules\yarn\bin\yarn.js install

PATH: 
  C:\Program Files (x86)\Common Files\Oracle\Java\javapath;C:\Program Files\AdoptOpenJDK\jdk-11.0.6.10-hotspot\bin;C:\Windows\system32;C:\Windows;C:\Windows\System32\Wbem;C:\Windows\System32\WindowsPowerShell\v1.0\;C:\Windows\System32\OpenSSH\;C:\Program Files (x86)\NVIDIA Corporation\PhysX\Common;C:\Program Files\PostgreSQL\12\bin;C:\Program Files\PostgreSQL\12\lib;C:\Program Files\Docker\Docker\resources\bin;C:\ProgramData\DockerDesktop\version-bin;C:\Program Files\NVIDIA Corporation\NVIDIA NvDLISR;C:\ProgramData\chocolatey\bin;C:\Program Files\Microsoft VS Code\bin;C:\WINDOWS\system32;C:\WINDOWS;C:\WINDOWS\System32\Wbem;C:\WINDOWS\System32\WindowsPowerShell\v1.0\;C:\WINDOWS\System32\OpenSSH\;C:\Program Files (x86)\Geth;C:\Program Files\nodejs\;C:\Program Files\dotnet\;C:\Program Files\Git\cmd;C:\Program Files\MySQL\MySQL Shell 8.0\bin\;C:\Users\Admin\AppData\Local\Programs\Python\Python38\Scripts\;C:\Users\Admin\AppData\Local\Programs\Python\Python38\;C:\Program Files\Java\jdk-13.0.1\bin;C:\Program Files\JetBrains\PyCharm 2019.3.3\bin;C:\Users\Admin\AppData\Local\atom\bin;C:\Users\Admin\AppData\Local\Programs\Microsoft VS Code\bin;C:\Users\Admin\AppData\Local\Microsoft\WindowsApps;C:\Users\Admin\AppData\Roaming\npm;C:\Users\Admin\AppData\Local\GitHubDesktop\bin

Yarn version: 
  1.22.15

Node version: 
  14.18.1

Platform: 
  win32 x64

Trace: 
  SyntaxError: C:\Users\Admin\Documents\GitHub\serverCovid\package.json: Unexpected token } in JSON at position 142
      at JSON.parse (<anonymous>)
      at C:\Users\Admin\AppData\Roaming\npm\node_modules\yarn\lib\cli.js:1625:59
      at Generator.next (<anonymous>)
      at step (C:\Users\Admin\AppData\Roaming\npm\node_modules\yarn\lib\cli.js:310:30)
      at C:\Users\Admin\AppData\Roaming\npm\node_modules\yarn\lib\cli.js:321:13

npm manifest: 
  {   "name": "covid19",
    "version": "0.0.1",
    "license": "UNLICENSED",
    "scripts": {
      "start": "npx env-cmd nodemon src/index.js",
     
    },
    "jest": {
      "testPathIgnorePatterns": [
        "src",
        "node_modules",
        "config"
      ]
    },
    "nodemonConfig": {
      "signal": "SIGTERM",
      "ignore": [
        "node_modules/*",
        ".vscode/*"
      ],
      "delay": "80",
      "watch": [
        "config",
        "src"
      ],
      "ext": "js,json",
      "legacyWatch": true,
      "exec": "node --inspect=0.0.0.0:9001 --trace-warnings src/index.js"
    },
    "dependencies": {
      "@koa/cors": "^3.1.0",
      "@koa/router": "^10.1.1",
      "argon2": "^0.28.3",
      "config": "^3.3.6",
      "cors": "^2.8.5",
      "env-cmd": "^10.1.0",
      "joi": "^17.5.0",
      "jsonwebtoken": "^8.5.1",
      "knex": "^0.95.14",
      "koa": "^2.13.4",
      "koa-bodyparser": "^4.3.0",
      "mysql2": "^2.3.3",
      "rest": "^2.0.0",
      "uuid": "^8.3.2",
      "winston": "^3.3.3"
    },
    "devDependencies": {
      "jest": "^27.4.5",
      "nodemon": "^2.0.15"
    }
  }

yarn manifest: 
  No manifest

Lockfile: 
  No lockfile
